<?xml version="1.0" encoding="UTF-8"?>
<robot generator="Robot 7.0 (Python 3.10.12 on linux)" generated="2024-05-22T12:25:32.664318" rpa="false" schemaversion="5">
<suite id="s1" name="Preenchimento Incorreto" source="/home/rodrigo/Área de Trabalho/robot_framework_alura/curso-robot/preenchimento_incorreto.robot">
<test id="s1-t1" name="Verificar se quando um campo obrigatorio nao for preenchido corretamente o sistema exibe uma mensagem de campo obrigatorio" line="11">
<kw name="Dado que eu acese o Organo" owner="setup_teardown" type="SETUP">
<kw name="Open Browser" owner="SeleniumLibrary">
<msg time="2024-05-22T12:25:32.787421" level="INFO">Opening browser 'Chrome' to base url 'http://localhost:3000/'.</msg>
<arg>url=http://localhost:3000/</arg>
<arg>browser=Chrome</arg>
<doc>Opens a new browser instance to the optional ``url``.</doc>
<status status="PASS" start="2024-05-22T12:25:32.787185" elapsed="0.830342"/>
</kw>
<status status="PASS" start="2024-05-22T12:25:32.786386" elapsed="0.831337"/>
</kw>
<kw name="Dado que eu clique no botao de criar card">
<kw name="Click Element" owner="SeleniumLibrary">
<msg time="2024-05-22T12:25:33.619516" level="INFO">Clicking element 'id:form-botao'.</msg>
<arg>${BOTAO_CARD}</arg>
<doc>Click the element identified by ``locator``.</doc>
<status status="PASS" start="2024-05-22T12:25:33.618865" elapsed="0.075642"/>
</kw>
<status status="PASS" start="2024-05-22T12:25:33.618349" elapsed="0.076306"/>
</kw>
<kw name="Entao o sistema deve apresentar mensagem de campo obrigatorio">
<kw name="Element Should Be Visible" owner="SeleniumLibrary">
<msg time="2024-05-22T12:25:33.713843" level="INFO">Element 'id:form-nome-erro' is displayed.</msg>
<arg>id:form-nome-erro</arg>
<doc>Verifies that the element identified by ``locator`` is visible.</doc>
<status status="PASS" start="2024-05-22T12:25:33.695216" elapsed="0.018721"/>
</kw>
<kw name="Element Should Be Visible" owner="SeleniumLibrary">
<msg time="2024-05-22T12:25:33.731207" level="INFO">Element 'id:form-cargo-erro' is displayed.</msg>
<arg>id:form-cargo-erro</arg>
<doc>Verifies that the element identified by ``locator`` is visible.</doc>
<status status="PASS" start="2024-05-22T12:25:33.714116" elapsed="0.017187"/>
</kw>
<kw name="Element Should Be Visible" owner="SeleniumLibrary">
<msg time="2024-05-22T12:25:33.751123" level="INFO">Element 'id:form-times-erro' is displayed.</msg>
<arg>id:form-times-erro</arg>
<doc>Verifies that the element identified by ``locator`` is visible.</doc>
<status status="PASS" start="2024-05-22T12:25:33.731488" elapsed="0.019732"/>
</kw>
<status status="PASS" start="2024-05-22T12:25:33.694906" elapsed="0.056429"/>
</kw>
<kw name="Fechar o navegador" owner="setup_teardown" type="TEARDOWN">
<kw name="Close Browser" owner="SeleniumLibrary">
<doc>Closes the current browser.</doc>
<status status="PASS" start="2024-05-22T12:25:33.752143" elapsed="0.062284"/>
</kw>
<status status="PASS" start="2024-05-22T12:25:33.751698" elapsed="0.062869"/>
</kw>
<status status="PASS" start="2024-05-22T12:25:32.785706" elapsed="1.028969"/>
</test>
<status status="PASS" start="2024-05-22T12:25:32.665285" elapsed="1.149845"/>
</suite>
<statistics>
<total>
<stat pass="1" fail="0" skip="0">All Tests</stat>
</total>
<tag>
</tag>
<suite>
<stat pass="1" fail="0" skip="0" id="s1" name="Preenchimento Incorreto">Preenchimento Incorreto</stat>
</suite>
</statistics>
<errors>
</errors>
</robot>
